<?xml version="1.0" encoding="UTF-8"?>
<!-- Generated by org.testng.reporters.JUnitReportReporter -->
<testsuite skipped="1" hostname="DESKTOP-11EPHE0" name="com.training.sanity.tests.UserTakeTestELTC_041Tests" tests="2" failures="0" timestamp="06 Jun 2019 07:37:02 GMT" time="13.080" errors="0">
  <testcase name="studentTakeTest" time="13.080" classname="com.training.sanity.tests.UserTakeTestELTC_041Tests"/>
  <testcase name="userSubscribeCourse" classname="com.training.sanity.tests.UserTakeTestELTC_041Tests">
    <skipped/>
  </testcase> <!-- userSubscribeCourse -->
</testsuite> <!-- com.training.sanity.tests.UserTakeTestELTC_041Tests -->
