<?xml version="1.0" encoding="UTF-8"?>
<!-- Generated by org.testng.reporters.JUnitReportReporter -->
<testsuite skipped="0" hostname="DESKTOP-11EPHE0" name="com.training.sanity.tests.TeacherReviewTestELTC_037Tests" tests="1" failures="0" timestamp="07 Jun 2019 11:29:02 GMT" time="5.612" errors="0">
  <testcase name="teacherGenerateReport" time="5.612" classname="com.training.sanity.tests.TeacherReviewTestELTC_037Tests"/>
</testsuite> <!-- com.training.sanity.tests.TeacherReviewTestELTC_037Tests -->
