<?xml version="1.0" encoding="UTF-8"?>
<!-- Generated by org.testng.reporters.JUnitReportReporter -->
<testsuite skipped="0" hostname="DESKTOP-11EPHE0" name="com.training.sanity.tests.CoursesinCatalogPageTests" tests="1" failures="0" timestamp="29 May 2019 10:07:17 GMT" time="3.275" errors="0">
  <testcase name="registerTrainer" time="3.275" classname="com.training.sanity.tests.CoursesinCatalogPageTests"/>
</testsuite> <!-- com.training.sanity.tests.CoursesinCatalogPageTests -->
