<?xml version="1.0" encoding="UTF-8"?>
<!-- Generated by org.testng.reporters.JUnitReportReporter -->
<testsuite skipped="0" hostname="DESKTOP-11EPHE0" name="com.training.regression.tests.LoginDBTest" tests="1" failures="0" timestamp="18 Jun 2019 12:03:17 GMT" time="23.587" errors="0">
  <testcase name="loginDBTest" time="23.587" classname="com.training.regression.tests.LoginDBTest"/>
</testsuite> <!-- com.training.regression.tests.LoginDBTest -->
