<?xml version="1.0" encoding="UTF-8"?>
<!-- Generated by org.testng.reporters.JUnitReportReporter -->
<testsuite skipped="0" hostname="DESKTOP-11EPHE0" name="com.training.sanity.tests.LogoutTests" tests="1" failures="0" timestamp="20 Jun 2019 08:48:09 GMT" time="22.400" errors="0">
  <testcase name="validLoginTest" time="22.400" classname="com.training.sanity.tests.LogoutTests"/>
</testsuite> <!-- com.training.sanity.tests.LogoutTests -->
