<?xml version="1.0" encoding="UTF-8"?>
<!-- Generated by org.testng.reporters.JUnitReportReporter -->
<testsuite skipped="0" hostname="DESKTOP-11EPHE0" name="com.training.regression.tests.ELTC_070_Tests" tests="1" failures="0" timestamp="21 Jun 2019 06:15:31 GMT" time="44.570" errors="0">
  <testcase name="studentLoginAndTakeTest" time="44.570" classname="com.training.regression.tests.ELTC_070_Tests"/>
</testsuite> <!-- com.training.regression.tests.ELTC_070_Tests -->
