<?xml version="1.0" encoding="UTF-8"?>
<!-- Generated by org.testng.reporters.JUnitReportReporter -->
<testsuite skipped="3" hostname="DESKTOP-11EPHE0" name="com.training.sanity.tests.AdminCreateCourceTests" tests="4" failures="0" timestamp="30 May 2019 17:11:58 GMT" time="4.021" errors="0">
  <testcase name="deleteCoursescategories" time="4.021" classname="com.training.sanity.tests.AdminCreateCourceTests"/>
  <testcase name="adminCreateACourse" classname="com.training.sanity.tests.AdminCreateCourceTests">
    <skipped/>
  </testcase> <!-- adminCreateACourse -->
  <testcase name="adminCreateACourseToUser" classname="com.training.sanity.tests.AdminCreateCourceTests">
    <skipped/>
  </testcase> <!-- adminCreateACourseToUser -->
  <testcase name="adminaddcoursecategory" classname="com.training.sanity.tests.AdminCreateCourceTests">
    <skipped/>
  </testcase> <!-- adminaddcoursecategory -->
</testsuite> <!-- com.training.sanity.tests.AdminCreateCourceTests -->
