<?xml version="1.0" encoding="UTF-8"?>
<!-- Generated by org.testng.reporters.JUnitReportReporter -->
<testsuite skipped="0" hostname="DESKTOP-11EPHE0" name="com.training.sanity.tests.CourseDescTests" tests="2" failures="0" timestamp="29 May 2019 05:12:32 GMT" time="18.304" errors="0">
  <testcase name="myCousesAdd" time="0.001" classname="com.training.sanity.tests.CourseDescTests"/>
  <testcase name="registerTrainer" time="18.303" classname="com.training.sanity.tests.CourseDescTests"/>
</testsuite> <!-- com.training.sanity.tests.CourseDescTests -->
