<?xml version="1.0" encoding="UTF-8"?>
<!-- Generated by org.testng.reporters.JUnitReportReporter -->
<testsuite skipped="0" hostname="DESKTOP-11EPHE0" name="com.training.sanity.tests.AdminPageTests" tests="1" failures="0" timestamp="27 May 2019 09:16:41 GMT" time="1.880" errors="0">
  <testcase name="validLoginTest" time="1.880" classname="com.training.sanity.tests.AdminPageTests"/>
</testsuite> <!-- com.training.sanity.tests.AdminPageTests -->
