<?xml version="1.0" encoding="UTF-8"?>
<!-- Generated by org.testng.reporters.JUnitReportReporter -->
<testsuite skipped="1" hostname="DESKTOP-11EPHE0" name="com.training.sanity.tests.UserCoursecatalogTests" tests="2" failures="0" timestamp="03 Jun 2019 20:38:09 GMT" time="11.282" errors="0">
  <testcase name="studentTakeTest" time="11.282" classname="com.training.sanity.tests.UserCoursecatalogTests"/>
  <testcase name="userSubscribeCourse" classname="com.training.sanity.tests.UserCoursecatalogTests">
    <skipped/>
  </testcase> <!-- userSubscribeCourse -->
</testsuite> <!-- com.training.sanity.tests.UserCoursecatalogTests -->
