<?xml version="1.0" encoding="UTF-8"?>
<!-- Generated by org.testng.reporters.JUnitReportReporter -->
<testsuite skipped="0" hostname="DESKTOP-11EPHE0" name="com.training.regression.tests.LoginExcelTest" tests="1" failures="0" timestamp="13 Jun 2019 12:33:47 GMT" time="15.945" errors="0">
  <testcase name="loginDBTest" time="15.945" classname="com.training.regression.tests.LoginExcelTest"/>
</testsuite> <!-- com.training.regression.tests.LoginExcelTest -->
