<?xml version="1.0" encoding="UTF-8"?>
<!-- Generated by org.testng.reporters.JUnitReportReporter -->
<testsuite skipped="0" hostname="DESKTOP-11EPHE0" name="com.training.sanity.tests.TeacherCreateGroupELTC_038Tests" tests="1" failures="0" timestamp="07 Jun 2019 06:22:33 GMT" time="14.332" errors="0">
  <testcase name="teacherCreateGroups" time="14.332" classname="com.training.sanity.tests.TeacherCreateGroupELTC_038Tests"/>
</testsuite> <!-- com.training.sanity.tests.TeacherCreateGroupELTC_038Tests -->
