<?xml version="1.0" encoding="UTF-8"?>
<!-- Generated by org.testng.reporters.JUnitReportReporter -->
<testsuite skipped="0" hostname="DESKTOP-11EPHE0" name="com.training.sanity.tests.UnsubRegUseTests" tests="1" failures="0" timestamp="29 May 2019 07:24:40 GMT" time="4.710" errors="0">
  <testcase name="registerTrainer" time="4.710" classname="com.training.sanity.tests.UnsubRegUseTests"/>
</testsuite> <!-- com.training.sanity.tests.UnsubRegUseTests -->
