<?xml version="1.0" encoding="UTF-8"?>
<!-- Generated by org.testng.reporters.JUnitReportReporter -->
<testsuite skipped="0" hostname="DESKTOP-11EPHE0" name="com.training.regression.tests.ELTC_066_Tests" tests="1" failures="0" timestamp="20 Jun 2019 06:54:20 GMT" time="32.683" errors="0">
  <testcase name="teacherReviewTest" time="32.683" classname="com.training.regression.tests.ELTC_066_Tests"/>
</testsuite> <!-- com.training.regression.tests.ELTC_066_Tests -->
