<?xml version="1.0" encoding="UTF-8"?>
<!-- Generated by org.testng.reporters.JUnitReportReporter -->
<testsuite skipped="0" hostname="DESKTOP-11EPHE0" name="com.training.regression.tests.ELTC_068_Test" tests="1" failures="0" timestamp="19 Jun 2019 13:04:13 GMT" time="39.912" errors="0">
  <testcase name="loginDBTest" time="39.912" classname="com.training.regression.tests.ELTC_068_Test"/>
</testsuite> <!-- com.training.regression.tests.ELTC_068_Test -->
