<?xml version="1.0" encoding="UTF-8"?>
<!-- Generated by org.testng.reporters.JUnitReportReporter -->
<testsuite skipped="0" hostname="DESKTOP-11EPHE0" name="com.training.sanity.tests.TeacherCreatTestELTC_032Tests" tests="1" failures="0" timestamp="03 Jun 2019 20:31:11 GMT" time="33.757" errors="0">
  <testcase name="createOnlieTest" time="33.757" classname="com.training.sanity.tests.TeacherCreatTestELTC_032Tests"/>
</testsuite> <!-- com.training.sanity.tests.TeacherCreatTestELTC_032Tests -->
