<?xml version="1.0" encoding="UTF-8"?>
<!-- Generated by org.testng.reporters.JUnitReportReporter -->
<testsuite skipped="0" hostname="DESKTOP-11EPHE0" name="com.training.regression.tests.ELTC_067_Test" tests="1" failures="0" timestamp="17 Jun 2019 11:41:05 GMT" time="38.221" errors="0">
  <testcase name="loginDBTest" time="38.221" classname="com.training.regression.tests.ELTC_067_Test"/>
</testsuite> <!-- com.training.regression.tests.ELTC_067_Test -->
