<?xml version="1.0" encoding="UTF-8"?>
<!-- Generated by org.testng.reporters.JUnitReportReporter -->
<testsuite skipped="0" hostname="DESKTOP-11EPHE0" name="com.training.sanity.tests.TeacherReviewTestELTC_036Tests" tests="1" failures="0" timestamp="07 Jun 2019 11:16:48 GMT" time="18.981" errors="0">
  <testcase name="teacherReviewTest" time="18.981" classname="com.training.sanity.tests.TeacherReviewTestELTC_036Tests"/>
</testsuite> <!-- com.training.sanity.tests.TeacherReviewTestELTC_036Tests -->
