<?xml version="1.0" encoding="UTF-8"?>
<!-- Generated by org.testng.reporters.JUnitReportReporter -->
<testsuite skipped="0" hostname="DESKTOP-11EPHE0" name="com.training.sanity.tests.DeleteCourseTests" tests="1" failures="0" timestamp="30 May 2019 08:50:54 GMT" time="1.722" errors="0">
  <testcase name="deleteCourseList" time="1.722" classname="com.training.sanity.tests.DeleteCourseTests"/>
</testsuite> <!-- com.training.sanity.tests.DeleteCourseTests -->
