<?xml version="1.0" encoding="UTF-8"?>
<!-- Generated by org.testng.reporters.JUnitReportReporter -->
<testsuite skipped="0" hostname="DESKTOP-11EPHE0" name="com.training.sanity.tests.TeacherGenerateStudentReportELTC_039Tests" tests="1" failures="0" timestamp="07 Jun 2019 11:44:07 GMT" time="21.395" errors="0">
  <testcase name="teacherGenerateReport" time="21.395" classname="com.training.sanity.tests.TeacherGenerateStudentReportELTC_039Tests"/>
</testsuite> <!-- com.training.sanity.tests.TeacherGenerateStudentReportELTC_039Tests -->
