<?xml version="1.0" encoding="UTF-8"?>
<!-- Generated by org.testng.reporters.JUnitReportReporter -->
<testsuite skipped="0" hostname="DESKTOP-11EPHE0" name="com.training.sanity.tests.UserEditPwdTests" tests="1" failures="0" timestamp="31 May 2019 09:32:07 GMT" time="4.183" errors="0">
  <testcase name="registerTrainer" time="4.183" classname="com.training.sanity.tests.UserEditPwdTests"/>
</testsuite> <!-- com.training.sanity.tests.UserEditPwdTests -->
