<?xml version="1.0" encoding="UTF-8"?>
<!-- Generated by org.testng.reporters.JUnitReportReporter -->
<testsuite skipped="0" hostname="DESKTOP-11EPHE0" name="com.training.sanity.tests.TeacherReviewTestELTC_040Tests" tests="1" failures="0" timestamp="06 Jun 2019 11:05:00 GMT" time="25.831" errors="0">
  <testcase name="registerTrainer" time="25.831" classname="com.training.sanity.tests.TeacherReviewTestELTC_040Tests"/>
</testsuite> <!-- com.training.sanity.tests.TeacherReviewTestELTC_040Tests -->
