<?xml version="1.0" encoding="UTF-8"?>
<!-- Generated by org.testng.reporters.JUnitReportReporter -->
<testsuite skipped="0" hostname="DESKTOP-11EPHE0" name="com.training.sanity.tests.TrainerLoginTests" tests="1" failures="0" timestamp="31 May 2019 04:22:43 GMT" time="13.425" errors="0">
  <testcase name="validLoginTest" time="13.425" classname="com.training.sanity.tests.TrainerLoginTests"/>
</testsuite> <!-- com.training.sanity.tests.TrainerLoginTests -->
