<?xml version="1.0" encoding="UTF-8"?>
<!-- Generated by org.testng.reporters.JUnitReportReporter -->
<testsuite skipped="0" hostname="DESKTOP-11EPHE0" name="com.training.sanity.tests.RegisterTrainer" tests="1" failures="0" timestamp="03 Jun 2019 19:56:50 GMT" time="7.224" errors="0">
  <testcase name="registerTrainer" time="7.224" classname="com.training.sanity.tests.RegisterTrainer"/>
</testsuite> <!-- com.training.sanity.tests.RegisterTrainer -->
